<?xml version="1.0" encoding="UTF-8"?>
<!-- Generated by org.testng.reporters.JUnitXMLReporter -->
<testsuite ignored="1" hostname="LAPTOP-U7R757NA" failures="3" tests="7" name="Command line test" time="44.678" errors="0" timestamp="2022-08-04T21:12:53 IST">
  <testcase classname="medical.TEAm.Baseclass" name="@AfterMethod Screenshot" time="12.18">
    <failure type="org.openqa.selenium.WebDriverException" message="chrome not reachable
  (Session info: chrome=104.0.5112.80)
Build info: version: &amp;apos;4.3.0&amp;apos;, revision: &amp;apos;a4995e2c09*&amp;apos;
System info: host: &amp;apos;LAPTOP-U7R757NA&amp;apos;, ip: &amp;apos;192.168.29.124&amp;apos;, os.name: &amp;apos;Windows 11&amp;apos;, os.arch: &amp;apos;amd64&amp;apos;, os.version: &amp;apos;10.0&amp;apos;, java.version: &amp;apos;11.0.15.1&amp;apos;
Driver info: org.openqa.selenium.chrome.ChromeDriver
Command: [f74fdb8d9b4873f2a2633fbb76dfb23c, screenshot {}]
Capabilities {acceptInsecureCerts: false, browserName: chrome, browserVersion: 104.0.5112.80, chrome: {chromedriverVersion: 103.0.5060.53 (a1711811edd7..., userDataDir: C:\Users\VOONNA~1\AppData\L...}, goog:chromeOptions: {debuggerAddress: localhost:52911}, networkConnectionEnabled: false, pageLoadStrategy: normal, platformName: WINDOWS, proxy: Proxy(), se:cdp: ws://localhost:52911/devtoo..., se:cdpVersion: 104.0.5112.80, setWindowRect: true, strictFileInteractability: false, timeouts: {implicit: 0, pageLoad: 300000, script: 30000}, unhandledPromptBehavior: dismiss and notify, webauthn:extension:credBlob: true, webauthn:extension:largeBlob: true, webauthn:virtualAuthenticators: true}
Session ID: f74fdb8d9b4873f2a2633fbb76dfb23c">
      <![CDATA[org.openqa.selenium.WebDriverException: chrome not reachable
  (Session info: chrome=104.0.5112.80)
Build info: version: '4.3.0', revision: 'a4995e2c09*'
System info: host: 'LAPTOP-U7R757NA', ip: '192.168.29.124', os.name: 'Windows 11', os.arch: 'amd64', os.version: '10.0', java.version: '11.0.15.1'
Driver info: org.openqa.selenium.chrome.ChromeDriver
Command: [f74fdb8d9b4873f2a2633fbb76dfb23c, screenshot {}]
Capabilities {acceptInsecureCerts: false, browserName: chrome, browserVersion: 104.0.5112.80, chrome: {chromedriverVersion: 103.0.5060.53 (a1711811edd7..., userDataDir: C:\Users\VOONNA~1\AppData\L...}, goog:chromeOptions: {debuggerAddress: localhost:52911}, networkConnectionEnabled: false, pageLoadStrategy: normal, platformName: WINDOWS, proxy: Proxy(), se:cdp: ws://localhost:52911/devtoo..., se:cdpVersion: 104.0.5112.80, setWindowRect: true, strictFileInteractability: false, timeouts: {implicit: 0, pageLoad: 300000, script: 30000}, unhandledPromptBehavior: dismiss and notify, webauthn:extension:credBlob: true, webauthn:extension:largeBlob: true, webauthn:virtualAuthenticators: true}
Session ID: f74fdb8d9b4873f2a2633fbb76dfb23c
at org.openqa.selenium.remote.codec.w3c.W3CHttpResponseCodec.createException(W3CHttpResponseCodec.java:200)
at org.openqa.selenium.remote.codec.w3c.W3CHttpResponseCodec.decode(W3CHttpResponseCodec.java:133)
at org.openqa.selenium.remote.codec.w3c.W3CHttpResponseCodec.decode(W3CHttpResponseCodec.java:53)
at org.openqa.selenium.remote.HttpCommandExecutor.execute(HttpCommandExecutor.java:184)
at org.openqa.selenium.remote.service.DriverCommandExecutor.invokeExecute(DriverCommandExecutor.java:167)
at org.openqa.selenium.remote.service.DriverCommandExecutor.execute(DriverCommandExecutor.java:142)
at org.openqa.selenium.remote.RemoteWebDriver.execute(RemoteWebDriver.java:569)
at org.openqa.selenium.remote.RemoteWebDriver.execute(RemoteWebDriver.java:624)
at org.openqa.selenium.remote.RemoteWebDriver.execute(RemoteWebDriver.java:628)
at org.openqa.selenium.remote.RemoteWebDriver.getScreenshotAs(RemoteWebDriver.java:353)
at medical.TEAm.Baseclass.Screenshot(Baseclass.java:49)
at java.base/java.util.ArrayList.forEach(ArrayList.java:1541)
... Removed 46 stack frames]]>
    </failure>
  </testcase> <!-- @AfterMethod Screenshot -->
  <testcase classname="medical.TEAm.Baseclass" name="@AfterMethod Screenshot" time="0.0">
    <skipped/>
  </testcase> <!-- @AfterMethod Screenshot -->
  <testcase classname="medical.TEAm.Baseclass" name="@AfterMethod Screenshot" time="0.0">
    <failure type="java.lang.NullPointerException">
      <![CDATA[java.lang.NullPointerException
at medical.TEAm.Baseclass.Screenshot(Baseclass.java:49)
at java.base/java.util.ArrayList.forEach(ArrayList.java:1541)
... Removed 42 stack frames]]>
    </failure>
  </testcase> <!-- @AfterMethod Screenshot -->
  <testcase classname="medical.TEAm.Baseclass" name="@AfterMethod Screenshot" time="0.0">
    <skipped/>
  </testcase> <!-- @AfterMethod Screenshot -->
  <testcase classname="medical.TEAm.Baseclass" name="@AfterMethod Screenshot" time="0.0">
    <skipped/>
  </testcase> <!-- @AfterMethod Screenshot -->
  <testcase classname="medical.TEAm.Test20822" name="checking" time="18.987">
    <failure type="org.openqa.selenium.WebDriverException" message="chrome not reachable
  (Session info: chrome=104.0.5112.80)
Build info: version: &amp;apos;4.3.0&amp;apos;, revision: &amp;apos;a4995e2c09*&amp;apos;
System info: host: &amp;apos;LAPTOP-U7R757NA&amp;apos;, ip: &amp;apos;192.168.29.124&amp;apos;, os.name: &amp;apos;Windows 11&amp;apos;, os.arch: &amp;apos;amd64&amp;apos;, os.version: &amp;apos;10.0&amp;apos;, java.version: &amp;apos;11.0.15.1&amp;apos;
Driver info: org.openqa.selenium.chrome.ChromeDriver
Command: [f74fdb8d9b4873f2a2633fbb76dfb23c, getTitle {}]
Capabilities {acceptInsecureCerts: false, browserName: chrome, browserVersion: 104.0.5112.80, chrome: {chromedriverVersion: 103.0.5060.53 (a1711811edd7..., userDataDir: C:\Users\VOONNA~1\AppData\L...}, goog:chromeOptions: {debuggerAddress: localhost:52911}, networkConnectionEnabled: false, pageLoadStrategy: normal, platformName: WINDOWS, proxy: Proxy(), se:cdp: ws://localhost:52911/devtoo..., se:cdpVersion: 104.0.5112.80, setWindowRect: true, strictFileInteractability: false, timeouts: {implicit: 0, pageLoad: 300000, script: 30000}, unhandledPromptBehavior: dismiss and notify, webauthn:extension:credBlob: true, webauthn:extension:largeBlob: true, webauthn:virtualAuthenticators: true}
Session ID: f74fdb8d9b4873f2a2633fbb76dfb23c">
      <![CDATA[org.openqa.selenium.WebDriverException: chrome not reachable
  (Session info: chrome=104.0.5112.80)
Build info: version: '4.3.0', revision: 'a4995e2c09*'
System info: host: 'LAPTOP-U7R757NA', ip: '192.168.29.124', os.name: 'Windows 11', os.arch: 'amd64', os.version: '10.0', java.version: '11.0.15.1'
Driver info: org.openqa.selenium.chrome.ChromeDriver
Command: [f74fdb8d9b4873f2a2633fbb76dfb23c, getTitle {}]
Capabilities {acceptInsecureCerts: false, browserName: chrome, browserVersion: 104.0.5112.80, chrome: {chromedriverVersion: 103.0.5060.53 (a1711811edd7..., userDataDir: C:\Users\VOONNA~1\AppData\L...}, goog:chromeOptions: {debuggerAddress: localhost:52911}, networkConnectionEnabled: false, pageLoadStrategy: normal, platformName: WINDOWS, proxy: Proxy(), se:cdp: ws://localhost:52911/devtoo..., se:cdpVersion: 104.0.5112.80, setWindowRect: true, strictFileInteractability: false, timeouts: {implicit: 0, pageLoad: 300000, script: 30000}, unhandledPromptBehavior: dismiss and notify, webauthn:extension:credBlob: true, webauthn:extension:largeBlob: true, webauthn:virtualAuthenticators: true}
Session ID: f74fdb8d9b4873f2a2633fbb76dfb23c
at org.openqa.selenium.remote.codec.w3c.W3CHttpResponseCodec.createException(W3CHttpResponseCodec.java:200)
at org.openqa.selenium.remote.codec.w3c.W3CHttpResponseCodec.decode(W3CHttpResponseCodec.java:133)
at org.openqa.selenium.remote.codec.w3c.W3CHttpResponseCodec.decode(W3CHttpResponseCodec.java:53)
at org.openqa.selenium.remote.HttpCommandExecutor.execute(HttpCommandExecutor.java:184)
at org.openqa.selenium.remote.service.DriverCommandExecutor.invokeExecute(DriverCommandExecutor.java:167)
at org.openqa.selenium.remote.service.DriverCommandExecutor.execute(DriverCommandExecutor.java:142)
at org.openqa.selenium.remote.RemoteWebDriver.execute(RemoteWebDriver.java:569)
at org.openqa.selenium.remote.RemoteWebDriver.execute(RemoteWebDriver.java:624)
at org.openqa.selenium.remote.RemoteWebDriver.execute(RemoteWebDriver.java:628)
at org.openqa.selenium.remote.RemoteWebDriver.getTitle(RemoteWebDriver.java:337)
at medical.TEAm.Test20822.checking(Test20822.java:34)
at java.base/java.util.ArrayList.forEach(ArrayList.java:1541)
... Removed 41 stack frames]]>
    </failure>
  </testcase> <!-- checking -->
  <testcase classname="medical.TEAm.Test20822" name="checking" time="0.0">
    <skipped/>
  </testcase> <!-- checking -->
  <testcase classname="medical.TEAm.testTest" name="validate" time="0.0"/>
  <testcase classname="medical.TEAm.testTest" name="validating_signin" time="0.0">
    <failure type="java.lang.IllegalArgumentException" message="Driver must be set">
      <![CDATA[java.lang.IllegalArgumentException: Driver must be set
at org.openqa.selenium.internal.Require.nonNull(Require.java:59)
at org.openqa.selenium.interactions.Actions.<init>(Actions.java:60)
at medical.TEAm.testTest.validating_signin(testTest.java:28)
at java.base/java.util.ArrayList.forEach(ArrayList.java:1541)
... Removed 37 stack frames]]>
    </failure>
  </testcase> <!-- validating_signin -->
  <testcase classname="medical.TEAm.testTest" name="validate_reading_exceldata" time="0.0">
    <skipped/>
  </testcase> <!-- validate_reading_exceldata -->
  <testcase classname="medical.TEAm.testTest" name="validating_login" time="0.0">
    <skipped/>
  </testcase> <!-- validating_login -->
  <testcase classname="medical.TEAm.testTest" name="Testdata_provider" time="0.008">
    <failure type="org.testng.internal.reflect.MethodMatcherException" message="
[public void medical.TEAm.testTest.Testdata_provider(java.lang.String,java.lang.String)] has no parameters defined but was found to be using a data provider (either explicitly specified or inherited from class level annotation).
Data provider mismatch
Method: Testdata_provider([Parameter{index=0, type=java.lang.String, declaredAnnotations=[]}, Parameter{index=1, type=java.lang.String, declaredAnnotations=[]}])
Arguments: [(java.lang.String) aravindcherry16@gmail.com]">
      <![CDATA[org.testng.internal.reflect.MethodMatcherException: 
[public void medical.TEAm.testTest.Testdata_provider(java.lang.String,java.lang.String)] has no parameters defined but was found to be using a data provider (either explicitly specified or inherited from class level annotation).
Data provider mismatch
Method: Testdata_provider([Parameter{index=0, type=java.lang.String, declaredAnnotations=[]}, Parameter{index=1, type=java.lang.String, declaredAnnotations=[]}])
Arguments: [(java.lang.String) aravindcherry16@gmail.com]
at java.base/java.util.ArrayList.forEach(ArrayList.java:1541)
... Removed 32 stack frames]]>
    </failure>
  </testcase> <!-- Testdata_provider -->
  <testcase classname="medical.TEAm.Baseclass" name="@BeforeTest open_browser" time="0.0">
    <ignored/>
  </testcase> <!-- @BeforeTest open_browser -->
</testsuite> <!-- Command line test -->
